<?xml version="1.0" encoding="utf-8"?><testsuites name="pytest tests"><testsuite name="pytest" errors="0" failures="0" skipped="0" tests="28" time="6.017" timestamp="2026-05-04T02:31:12.108215+00:00" hostname="agent-env-c54b9055-f879-442b-b0a6-0ff012dd025c"><testcase classname="backend.tests.backend_test.TestAuth" name="test_register_sets_cookie_and_returns_user" time="0.383" /><testcase classname="backend.tests.backend_test.TestAuth" name="test_register_duplicate_rejected" time="0.452" /><testcase classname="backend.tests.backend_test.TestAuth" name="test_admin_login" time="0.329" /><testcase classname="backend.tests.backend_test.TestAuth" name="test_login_invalid_credentials" time="0.140" /><testcase classname="backend.tests.backend_test.TestAuth" name="test_me_with_cookie" time="0.069" /><testcase classname="backend.tests.backend_test.TestAuth" name="test_me_without_auth_returns_401" time="0.098" /><testcase classname="backend.tests.backend_test.TestAuth" name="test_logout_clears_cookies" time="0.425" /><testcase classname="backend.tests.backend_test.TestAuth" name="test_register_default_lang_is_es" time="0.339" /><testcase classname="backend.tests.backend_test.TestAuth" name="test_register_with_lang_en" time="0.330" /><testcase classname="backend.tests.backend_test.TestAuth" name="test_patch_me_lang_persists" time="0.498" /><testcase classname="backend.tests.backend_test.TestAuth" name="test_patch_me_rejects_invalid_lang" time="0.378" /><testcase classname="backend.tests.backend_test.TestAuth" name="test_patch_me_requires_auth" time="0.119" /><testcase classname="backend.tests.backend_test.TestReadings" name="test_readings_es_shape" time="0.108" /><testcase classname="backend.tests.backend_test.TestReadings" name="test_readings_en_shape" time="0.116" /><testcase classname="backend.tests.backend_test.TestReadings" name="test_readings_weekday_has_no_second_reading" time="0.121" /><testcase classname="backend.tests.backend_test.TestReadings" name="test_readings_strips_attribution_footer" time="0.121" /><testcase classname="backend.tests.backend_test.TestReadings" name="test_readings_invalid_date" time="0.113" /><testcase classname="backend.tests.backend_test.TestLiturgy" name="test_hours_list_es" time="0.100" /><testcase classname="backend.tests.backend_test.TestLiturgy" name="test_liturgy_lauds_es" time="0.124" /><testcase classname="backend.tests.backend_test.TestPrayers" name="test_prayers_index_has_categories" time="0.126" /><testcase classname="backend.tests.backend_test.TestPrayers" name="test_prayers_individual" time="0.113" /><testcase classname="backend.tests.backend_test.TestNews" name="test_news_es_multiple_sources" time="0.105" /><testcase classname="backend.tests.backend_test.TestNews" name="test_news_en_multi_sources" time="0.105" /><testcase classname="backend.tests.backend_test.TestCatechism" name="test_structure_es" time="0.099" /><testcase classname="backend.tests.backend_test.TestCatechism" name="test_paragraphs_en_no_500" time="0.110" /><testcase classname="backend.tests.backend_test.TestFavorites" name="test_favorites_requires_auth" time="0.171" /><testcase classname="backend.tests.backend_test.TestFavorites" name="test_create_list_delete_favorite" time="0.203" /><testcase classname="backend.tests.backend_test.TestFavorites" name="test_favorites_isolated_between_users" time="0.543" /></testsuite></testsuites>
