<?xml version="1.0" encoding="utf-8"?><testsuites name="pytest tests"><testsuite name="pytest" errors="0" failures="0" skipped="0" tests="29" time="7.986" timestamp="2026-04-24T21:46:57.949034+00:00" hostname="agent-env-c54b9055-f879-442b-b0a6-0ff012dd025c"><testcase classname="backend.tests.backend_test.TestAuth" name="test_register_sets_cookie_and_returns_user" time="0.417" /><testcase classname="backend.tests.backend_test.TestAuth" name="test_register_duplicate_rejected" time="0.463" /><testcase classname="backend.tests.backend_test.TestAuth" name="test_admin_login" time="0.348" /><testcase classname="backend.tests.backend_test.TestAuth" name="test_login_invalid_credentials" time="0.119" /><testcase classname="backend.tests.backend_test.TestAuth" name="test_me_with_cookie" time="0.052" /><testcase classname="backend.tests.backend_test.TestAuth" name="test_me_without_auth_returns_401" time="0.106" /><testcase classname="backend.tests.backend_test.TestAuth" name="test_logout_clears_cookies" time="0.477" /><testcase classname="backend.tests.backend_test.TestReadings" name="test_readings_es" time="0.111" /><testcase classname="backend.tests.backend_test.TestReadings" name="test_readings_en" time="0.116" /><testcase classname="backend.tests.backend_test.TestReadings" name="test_readings_cache_fast" time="1.240" /><testcase classname="backend.tests.backend_test.TestLiturgy" name="test_hours_list_es" time="0.101" /><testcase classname="backend.tests.backend_test.TestLiturgy" name="test_liturgy_lauds_es" time="0.103" /><testcase classname="backend.tests.backend_test.TestPrayers" name="test_prayers_index_has_categories" time="0.118" /><testcase classname="backend.tests.backend_test.TestPrayers" name="test_prayers_individual" time="0.112" /><testcase classname="backend.tests.backend_test.TestNews" name="test_news_es_multiple_sources" time="0.121" /><testcase classname="backend.tests.backend_test.TestNews" name="test_news_en_multi_sources" time="1.354" /><testcase classname="backend.tests.backend_test.TestBible" name="test_translations" time="0.160" /><testcase classname="backend.tests.backend_test.TestBible" name="test_books_es" time="0.133" /><testcase classname="backend.tests.backend_test.TestBible" name="test_chapter_es" time="0.157" /><testcase classname="backend.tests.backend_test.TestBible" name="test_chapter_en" time="0.123" /><testcase classname="backend.tests.backend_test.TestCatechism" name="test_structure_es" time="0.127" /><testcase classname="backend.tests.backend_test.TestCatechism" name="test_paragraphs_en_no_500" time="0.112" /><testcase classname="backend.tests.backend_test.TestExamen" name="test_upload_requires_auth" time="0.113" /><testcase classname="backend.tests.backend_test.TestExamen" name="test_upload_as_non_admin_forbidden" time="0.053" /><testcase classname="backend.tests.backend_test.TestExamen" name="test_admin_upload_list_get_delete" time="0.592" /><testcase classname="backend.tests.backend_test.TestExamen" name="test_delete_requires_auth" time="0.228" /><testcase classname="backend.tests.backend_test.TestFavorites" name="test_favorites_requires_auth" time="0.114" /><testcase classname="backend.tests.backend_test.TestFavorites" name="test_create_list_delete_favorite" time="0.250" /><testcase classname="backend.tests.backend_test.TestFavorites" name="test_favorites_isolated_between_users" time="0.240" /></testsuite></testsuites>
